info it worked if it ends with ok
verbose cli [ 'node', '/usr/bin/npm', 'install', 'excerpt' ]
info using npm@1.1.4
info using node@v0.6.12
verbose config file /home/linux/.npmrc
verbose config file /usr/etc/npmrc
verbose config file /usr/share/npm/npmrc
verbose cache add [ 'excerpt', null ]
silly cache add: name, spec, args [ undefined, 'excerpt', [ 'excerpt', null ] ]
verbose parsed url { pathname: 'excerpt', path: 'excerpt', href: 'excerpt' }
verbose addNamed [ 'excerpt', '' ]
verbose addNamed [ null, '' ]
silly name, range, hasData [ 'excerpt', '', false ]
verbose raw, before any munging excerpt
verbose url resolving [ 'https://registry.npmjs.org/', './excerpt' ]
verbose url resolved https://registry.npmjs.org/excerpt
http GET https://registry.npmjs.org/excerpt
ERR! Error: failed to fetch from registry: excerpt
ERR!     at /usr/share/npm/lib/utils/npm-registry-client/get.js:139:12
ERR!     at cb (/usr/share/npm/lib/utils/npm-registry-client/request.js:31:9)
ERR!     at Request._callback (/usr/share/npm/lib/utils/npm-registry-client/request.js:136:18)
ERR!     at Request.callback (/usr/lib/nodejs/request/main.js:119:22)
ERR!     at Request.<anonymous> (/usr/lib/nodejs/request/main.js:212:58)
ERR!     at Request.emit (events.js:88:20)
ERR!     at ClientRequest.<anonymous> (/usr/lib/nodejs/request/main.js:412:12)
ERR!     at ClientRequest.emit (events.js:67:17)
ERR!     at HTTPParser.onIncoming (http.js:1261:11)
ERR!     at HTTPParser.onHeadersComplete (http.js:102:31)
ERR! You may report this log at:
ERR!     <http://bugs.debian.org/npm>
ERR! or use
ERR!     reportbug --attach /home/linux/Rails/blog/npm-debug.log npm
ERR! 
ERR! System Linux 3.2.0-80-generic
ERR! command "node" "/usr/bin/npm" "install" "excerpt"
ERR! cwd /home/linux/Rails/blog
ERR! node -v v0.6.12
ERR! npm -v 1.1.4
ERR! message failed to fetch from registry: excerpt
verbose exit [ 1, true ]
